Using pre-set license
Built from '2020.3/staging' branch; Version is '2020.3.4f1 (0abb6314276a) revision 703331'; Using compiler version '192528614'; Build Type 'Release'
OS: 'Windows 10 Pro; OS build 19044.1826; Version 2009; 64bit' Language: 'en' Physical Memory: 16316 MB
BatchMode: 1, IsHumanControllingUs: 0, StartBugReporterOnCrash: 0, Is64bit: 1, IsPro: 0

 COMMAND LINE ARGUMENTS:
C:\Program Files\Unity\Hub\Editor\2020.3.4f1\Editor\Unity.exe
-adb2
-batchMode
-noUpm
-name
AssetImportWorker0
-projectPath
C:/Users/at845/Desktop/Unity Projects/real-world-map-data/src/Real World Map Data
-logFile
Logs/AssetImportWorker0.log
-srvPort
49721
Successfully changed project path to: C:/Users/at845/Desktop/Unity Projects/real-world-map-data/src/Real World Map Data
C:/Users/at845/Desktop/Unity Projects/real-world-map-data/src/Real World Map Data
Using Asset Import Pipeline V2.
Refreshing native plugins compatible for Editor in 53.13 ms, found 0 plugins.
Preloading 0 native plugins for Editor in 0.00 ms.
Initialize engine version: 2020.3.4f1 (0abb6314276a)
[Subsystems] Discovering subsystems at path C:/Program Files/Unity/Hub/Editor/2020.3.4f1/Editor/Data/Resources/UnitySubsystems
[Subsystems] Discovering subsystems at path C:/Users/at845/Desktop/Unity Projects/real-world-map-data/src/Real World Map Data/Assets
GfxDevice: creating device client; threaded=0
Direct3D:
    Version:  Direct3D 11.0 [level 11.1]
    Renderer: NVIDIA GeForce GTX 1060 3GB (ID=0x1c02)
    Vendor:   
    VRAM:     2988 MB
    Driver:   27.21.14.6677
Initialize mono
Mono path[0] = 'C:/Program Files/Unity/Hub/Editor/2020.3.4f1/Editor/Data/Managed'
Mono path[1] = 'C:/Program Files/Unity/Hub/Editor/2020.3.4f1/Editor/Data/MonoBleedingEdge/lib/mono/unityjit'
Mono config path = 'C:/Program Files/Unity/Hub/Editor/2020.3.4f1/Editor/Data/MonoBleedingEdge/etc'
Using monoOptions --debugger-agent=transport=dt_socket,embedding=1,server=y,suspend=n,address=127.0.0.1:56668
Begin MonoManager ReloadAssembly
Registering precompiled unity dll's ...
Register platform support module: C:/Program Files/Unity/Hub/Editor/2020.3.4f1/Editor/Data/PlaybackEngines/WindowsStandaloneSupport/UnityEditor.WindowsStandalone.Extensions.dll
Registered in 0.002945 seconds.
Native extension for WindowsStandalone target not found
Refreshing native plugins compatible for Editor in 44.77 ms, found 0 plugins.
Preloading 0 native plugins for Editor in 0.00 ms.
Mono: successfully reloaded assembly
- Completed reload, in  3.057 seconds
Platform modules already initialized, skipping
Registering precompiled user dll's ...
Registered in 0.003211 seconds.
Begin MonoManager ReloadAssembly
Native extension for WindowsStandalone target not found
Refreshing native plugins compatible for Editor in 0.47 ms, found 0 plugins.
Preloading 0 native plugins for Editor in 0.00 ms.
Mono: successfully reloaded assembly
- Completed reload, in  1.151 seconds
Platform modules already initialized, skipping
========================================================================
Worker process is ready to serve import requests
Launched and connected shader compiler UnityShaderCompiler.exe after 0.08 seconds
Refreshing native plugins compatible for Editor in 0.57 ms, found 0 plugins.
Preloading 0 native plugins for Editor in 0.00 ms.
Unloading 1424 Unused Serialized files (Serialized files now loaded: 0)
System memory in use before: 65.7 MB.
System memory in use after: 65.8 MB.

Unloading 33 unused Assets to reduce memory usage. Loaded Objects now: 1854.
Total: 2.334700 ms (FindLiveObjects: 0.202200 ms CreateObjectMapping: 0.045200 ms MarkObjects: 2.006000 ms  DeleteObjects: 0.079500 ms)

========================================================================
Received Import Request.
  path: Assets/Scripts/Editor/OpenMapImporter/Serialization/BaseOsm.cs
  artifactKey: Guid(6d9e65e8187bd9b479aa470acbba6a66) Importer(815301076,1909f56bfc062723c751e8b465ee728b)
Start importing Assets/Scripts/Editor/OpenMapImporter/Serialization/BaseOsm.cs using Guid(6d9e65e8187bd9b479aa470acbba6a66) Importer(815301076,1909f56bfc062723c751e8b465ee728b)  -> (artifact id: '15214b82f64e528839067820476de357') in 0.028897 seconds
  Import took 0.032201 seconds .

========================================================================
Received Import Request.
  Time since last request: 0.000258 seconds.
  path: Assets/Resources/map.txt
  artifactKey: Guid(c4c37b2a745056148a7a04a80601dc7b) Importer(815301076,1909f56bfc062723c751e8b465ee728b)
Start importing Assets/Resources/map.txt using Guid(c4c37b2a745056148a7a04a80601dc7b) Importer(815301076,1909f56bfc062723c751e8b465ee728b)  -> (artifact id: 'c393a12521ca1633dbb6a2b0644123a4') in 0.021130 seconds
  Import took 0.024327 seconds .

========================================================================
Received Import Request.
  Time since last request: 0.000571 seconds.
  path: Assets/Resources/map.txt
  artifactKey: Guid(c4c37b2a745056148a7a04a80601dc7b) Importer(815301076,1909f56bfc062723c751e8b465ee728b)
Start importing Assets/Resources/map.txt using Guid(c4c37b2a745056148a7a04a80601dc7b) Importer(815301076,1909f56bfc062723c751e8b465ee728b)  -> (artifact id: 'c393a12521ca1633dbb6a2b0644123a4') in 0.007149 seconds
  Import took 0.010093 seconds .

========================================================================
Received Prepare
Registering precompiled user dll's ...
Registered in 0.003265 seconds.
Begin MonoManager ReloadAssembly
Native extension for WindowsStandalone target not found
Refreshing native plugins compatible for Editor in 0.53 ms, found 0 plugins.
Preloading 0 native plugins for Editor in 0.00 ms.
Mono: successfully reloaded assembly
- Completed reload, in  1.044 seconds
Platform modules already initialized, skipping
Refreshing native plugins compatible for Editor in 0.52 ms, found 0 plugins.
Preloading 0 native plugins for Editor in 0.00 ms.
Unloading 1418 Unused Serialized files (Serialized files now loaded: 0)
System memory in use before: 65.4 MB.
System memory in use after: 65.5 MB.

Unloading 24 unused Assets to reduce memory usage. Loaded Objects now: 1857.
Total: 2.397000 ms (FindLiveObjects: 0.301400 ms CreateObjectMapping: 0.082500 ms MarkObjects: 1.974400 ms  DeleteObjects: 0.036700 ms)

========================================================================
Received Import Request.
  Time since last request: 91.748849 seconds.
  path: Assets/Scripts/Editor/OpenMapImporter/ImportMapDataEditorWindow.cs
  artifactKey: Guid(f3d479d839e4fea479882ed4c16a3092) Importer(815301076,1909f56bfc062723c751e8b465ee728b)
Start importing Assets/Scripts/Editor/OpenMapImporter/ImportMapDataEditorWindow.cs using Guid(f3d479d839e4fea479882ed4c16a3092) Importer(815301076,1909f56bfc062723c751e8b465ee728b)  -> (artifact id: '559ab89f54ed108310fe5a2208b96328') in 0.007945 seconds
  Import took 0.011242 seconds .

========================================================================
Received Import Request.
  Time since last request: 337.873297 seconds.
  path: Assets/Art
  artifactKey: Guid(5000e8726d597b646b56e266122917e6) Importer(815301076,1909f56bfc062723c751e8b465ee728b)
Start importing Assets/Art using Guid(5000e8726d597b646b56e266122917e6) Importer(815301076,1909f56bfc062723c751e8b465ee728b)  -> (artifact id: '846dcf1df12f78e6fa10c0cd988e9bc8') in 0.003620 seconds
  Import took 0.010194 seconds .

========================================================================
Received Import Request.
  Time since last request: 0.260703 seconds.
  path: Assets/Resources
  artifactKey: Guid(ee159e798aff50f44a0e2bb9f035a463) Importer(815301076,1909f56bfc062723c751e8b465ee728b)
Start importing Assets/Resources using Guid(ee159e798aff50f44a0e2bb9f035a463) Importer(815301076,1909f56bfc062723c751e8b465ee728b)  -> (artifact id: '7295da954793d755de7895f985a0f122') in 0.003444 seconds
  Import took 0.006308 seconds .

========================================================================
Received Import Request.
  Time since last request: 3.403111 seconds.
  path: Assets/Scripts/Editor/OpenMapImporter/RoadMaker.cs
  artifactKey: Guid(b97ca0d0a5b3be845ab32653cc2e4727) Importer(815301076,1909f56bfc062723c751e8b465ee728b)
Start importing Assets/Scripts/Editor/OpenMapImporter/RoadMaker.cs using Guid(b97ca0d0a5b3be845ab32653cc2e4727) Importer(815301076,1909f56bfc062723c751e8b465ee728b)  -> (artifact id: '9e0bab95513990fd9d2daaf8e9d91b95') in 0.003640 seconds
  Import took 0.010068 seconds .

========================================================================
Received Prepare
Registering precompiled user dll's ...
Registered in 0.003179 seconds.
Begin MonoManager ReloadAssembly
Native extension for WindowsStandalone target not found
Refreshing native plugins compatible for Editor in 0.58 ms, found 0 plugins.
Preloading 0 native plugins for Editor in 0.00 ms.
Mono: successfully reloaded assembly
- Completed reload, in  1.024 seconds
Platform modules already initialized, skipping
Refreshing native plugins compatible for Editor in 0.47 ms, found 0 plugins.
Preloading 0 native plugins for Editor in 0.00 ms.
Unloading 1418 Unused Serialized files (Serialized files now loaded: 0)
System memory in use before: 65.4 MB.
System memory in use after: 65.5 MB.

Unloading 24 unused Assets to reduce memory usage. Loaded Objects now: 1860.
Total: 1.946900 ms (FindLiveObjects: 0.184600 ms CreateObjectMapping: 0.042700 ms MarkObjects: 1.697500 ms  DeleteObjects: 0.021000 ms)

========================================================================
Received Prepare
Registering precompiled user dll's ...
Registered in 0.006180 seconds.
Begin MonoManager ReloadAssembly
Native extension for WindowsStandalone target not found
Refreshing native plugins compatible for Editor in 0.48 ms, found 0 plugins.
Preloading 0 native plugins for Editor in 0.00 ms.
Mono: successfully reloaded assembly
- Completed reload, in  1.094 seconds
Platform modules already initialized, skipping
Refreshing native plugins compatible for Editor in 0.48 ms, found 0 plugins.
Preloading 0 native plugins for Editor in 0.00 ms.
Unloading 1418 Unused Serialized files (Serialized files now loaded: 0)
System memory in use before: 65.5 MB.
System memory in use after: 65.6 MB.

Unloading 24 unused Assets to reduce memory usage. Loaded Objects now: 1863.
Total: 2.047300 ms (FindLiveObjects: 0.292900 ms CreateObjectMapping: 0.043300 ms MarkObjects: 1.688700 ms  DeleteObjects: 0.020500 ms)

========================================================================
Received Import Request.
  Time since last request: 302.115380 seconds.
  path: Assets/Scripts/Editor/OpenMapImporter/MapReader.cs
  artifactKey: Guid(477df58ce534d3a498e6e5e145207e52) Importer(815301076,1909f56bfc062723c751e8b465ee728b)
Start importing Assets/Scripts/Editor/OpenMapImporter/MapReader.cs using Guid(477df58ce534d3a498e6e5e145207e52) Importer(815301076,1909f56bfc062723c751e8b465ee728b)  -> (artifact id: '09f628fd01f8a11413f77851694cfd3a') in 0.006463 seconds
  Import took 0.012706 seconds .

========================================================================
Received Prepare
Registering precompiled user dll's ...
Registered in 0.003027 seconds.
Begin MonoManager ReloadAssembly
Native extension for WindowsStandalone target not found
Refreshing native plugins compatible for Editor in 0.61 ms, found 0 plugins.
Preloading 0 native plugins for Editor in 0.00 ms.
Mono: successfully reloaded assembly
- Completed reload, in  1.182 seconds
Platform modules already initialized, skipping
Refreshing native plugins compatible for Editor in 0.49 ms, found 0 plugins.
Preloading 0 native plugins for Editor in 0.00 ms.
Unloading 1418 Unused Serialized files (Serialized files now loaded: 0)
System memory in use before: 65.5 MB.
System memory in use after: 65.6 MB.

Unloading 24 unused Assets to reduce memory usage. Loaded Objects now: 1866.
Total: 2.445400 ms (FindLiveObjects: 0.308400 ms CreateObjectMapping: 0.074400 ms MarkObjects: 2.031400 ms  DeleteObjects: 0.029600 ms)

========================================================================
Received Import Request.
  Time since last request: 1219.000283 seconds.
  path: Assets/Scripts/Editor/OpenMapImporter/Serialization/OsmBounds.cs
  artifactKey: Guid(97a40a7dc0304834c9c0845a357b6973) Importer(815301076,1909f56bfc062723c751e8b465ee728b)
Start importing Assets/Scripts/Editor/OpenMapImporter/Serialization/OsmBounds.cs using Guid(97a40a7dc0304834c9c0845a357b6973) Importer(815301076,1909f56bfc062723c751e8b465ee728b)  -> (artifact id: '3d18e88a19f3a2a802e8f9b35931f128') in 0.007050 seconds
  Import took 0.013760 seconds .

